<?xml version="1.0" encoding="UTF-8"?>
<!-- Generated by org.testng.reporters.JUnitXMLReporter -->
<testsuite ignored="0" hostname="Machine-ROG" failures="0" tests="1" name="Test" time="3.139" errors="0" timestamp="2022-11-18T11:19:50 EST">
  <testcase classname="addresssbook.AddContract" name="@BeforeMethod beforeMethod" time="0.465">
    <failure type="java.lang.IllegalMonitorStateException" message="current thread is not owner">
      <![CDATA[java.lang.IllegalMonitorStateException: current thread is not owner
at java.base/java.lang.Object.wait(Native Method)
at java.base/java.lang.Object.wait(Object.java:338)
at addresssbook.AddContract.beforeMethod(AddContract.java:28)
at java.base/java.util.ArrayList.forEach(ArrayList.java:1511)
... Removed 31 stack frames]]>
    </failure>
  </testcase> <!-- @BeforeMethod beforeMethod -->
  <testcase classname="addresssbook.AddContract" name="@AfterMethod afterMethod" time="-1.668788390387E9">
    <skipped/>
  </testcase> <!-- @AfterMethod afterMethod -->
  <testcase classname="addresssbook.AddContract" name="@AfterClass afterClass" time="-1.66878839039E9">
    <skipped/>
  </testcase> <!-- @AfterClass afterClass -->
  <testcase classname="addresssbook.AddContract" name="@AfterTest afterTest" time="-1.668788390393E9">
    <skipped/>
  </testcase> <!-- @AfterTest afterTest -->
  <testcase classname="addresssbook.AddContract" name="f" time="0.0">
    <skipped/>
  </testcase> <!-- f -->
</testsuite> <!-- Test -->
